2026-01-05T00:37:28.667545 - Building 90: Uploaded 1 photos: ['90_gate_a_20260105_003728_044641.jpeg']
2026-01-05T00:46:57.447004 - Building 9: Uploaded 1 photos: ['9_comp_lab_3_20260105_004657_071283.jpeg']
2026-01-05T08:23:58.577988 - Building 1: Uploaded 1 photos: ['1_gate_c_20260105_082358_228971.jpg']
2026-01-05T22:18:54.850350 - Building 90: Uploaded 1 photos: ['90_gate_a_20260105_221854_434704.jpeg']
2026-01-05T22:44:34.291869 - Building 24: Uploaded 1 photos: ['24_kilimambogo_hostel_20260105_224433_964646.jpeg']
2026-01-05T23:09:15.666328 - Building 23: Uploaded 1 photos: ['23_old_admin_parking_20260105_230915_213355.jpeg']
2026-01-05T23:09:47.425098 - Building 25: Uploaded 1 photos: ['25_taita_hostel_20260105_230947_139787.jpeg']
2026-01-05T23:15:33.085867 - Building 21: Uploaded 1 photos: ['21_old_admin_block_20260105_231532_714235.jpeg']
2026-01-05T23:19:22.376306 - Building 32: Uploaded 1 photos: ['32_zoology_lab_20260105_231922_072592.jpeg']
2026-01-05T23:20:32.061796 - Building 26: Uploaded 1 photos: ['26_menengai_hostel_20260105_232031_749533.jpeg']
2026-01-05T23:20:48.215443 - Building 8: Uploaded 1 photos: ['8_comp_lab_4_20260105_232047_879347.jpeg']
2026-01-05T23:21:02.939789 - Building 9: Uploaded 1 photos: ['9_comp_lab_3_20260105_232102_491749.jpeg']
2026-01-05T23:21:45.778146 - Building 1: Uploaded 1 photos: ['1_gate_c_20260105_232145_420236.jpg']
2026-01-05T23:22:13.670744 - Building 6: Uploaded 1 photos: ['6_recreational_center_tawi_20260105_232213_301399.jpg']
2026-01-05T23:22:35.877988 - Building 15: Uploaded 1 photos: ['15_dam_1_20260105_232235_227760.jpg']
2026-01-05T23:23:04.098498 - Building 14: Uploaded 1 photos: ['14_calvidas_cafeteria_20260105_232303_711076.jpg']
2026-01-05T23:23:14.653449 - Building 13: Uploaded 1 photos: ['13_dam_1_gazebo_20260105_232314_222447.jpg']
2026-01-05T23:23:33.145454 - Building 7: Uploaded 1 photos: ['7_security_office_20260105_232332_663017.jpg']
2026-01-05T23:23:53.521091 - Building 12: Uploaded 1 photos: ['12_games_department_office_20260105_232352_954870.jpg']
2026-01-05T23:24:27.745458 - Building 16: Uploaded 1 photos: ['16_charter_hall_20260105_232427_296746.jpg']
2026-01-05T23:25:07.425971 - Building 11: Uploaded 1 photos: ['11_auditorium_01_20260105_232506_924330.jpg']
2026-01-05T23:25:30.216078 - Building 22: Uploaded 1 photos: ['22_dispensary_20260105_232529_627794.jpg']
2026-01-05T23:25:49.258827 - Building 27: Uploaded 1 photos: ['27_ngong_hostel_20260105_232548_802210.jpg']
2026-01-05T23:26:05.852584 - Building 28: Uploaded 1 photos: ['28_gate_d_20260105_232605_294913.jpg']
2026-01-05T23:26:22.542603 - Building 30: Uploaded 1 photos: ['30_student_mess_20260105_232622_031870.jpg']
2026-01-05T23:26:46.650975 - Building 31: Uploaded 1 photos: ['31_deputy_dean_of_students_20260105_232646_110775.jpg']
2026-01-05T23:27:03.407642 - Building 33: Uploaded 1 photos: ['33_comp_lab_1_20260105_232702_829332.jpg']
2026-01-05T23:27:31.224884 - Building 35: Uploaded 1 photos: ['35_accommodations_office_20260105_232730_580355.jpg']
2026-01-05T23:27:55.440289 - Building 36: Uploaded 1 photos: ['36_mt_kenya_hostel_20260105_232754_842648.jpg']
2026-01-05T23:28:10.481217 - Building 37: Uploaded 1 photos: ['37_mt_elgon_hostel_20260105_232809_943927.jpg']
2026-01-05T23:28:27.717168 - Building 38: Uploaded 1 photos: ['38_mt_kilimanjaro_hostel_20260105_232827_146471.jpg']
2026-01-05T23:28:52.312884 - Building 39: Uploaded 1 photos: ['39_aberdares_hostel_20260105_232851_713980.jpg']
2026-01-05T23:29:13.654665 - Building 40: Uploaded 1 photos: ['40_nursing_skill_lab_20260105_232913_042608.jpg']
2026-01-05T23:29:27.249564 - Building 41: Uploaded 1 photos: ['41_dean_of_students_20260105_232926_703124.jpg']
2026-01-05T23:29:46.310869 - Building 43: Uploaded 1 photos: ['43_physics_lab_2_20260105_232945_685770.jpg']
2026-01-05T23:30:06.441538 - Building 42: Uploaded 1 photos: ['42_comp_lab_2_20260105_233005_876559.jpg']
2026-01-05T23:30:25.072674 - Building 44: Uploaded 1 photos: ['44_vc_square_20260105_233024_415108.jpg']
2026-01-05T23:31:16.458693 - Building 47: Uploaded 1 photos: ['47_lecturer_lounge_a_20260105_233115_755830.jpg']
2026-01-05T23:31:38.318965 - Building 46: Uploaded 1 photos: ['46_lecturer_lounge_b_20260105_233137_562919.jpg']
2026-01-05T23:32:19.478638 - Building 48: Uploaded 1 photos: ['48_research_lab_20260105_233218_772840.jpg']
2026-01-05T23:32:38.861726 - Building 49: Uploaded 1 photos: ['49_microbiology_lab_20260105_233238_168587.jpg']
2026-01-05T23:33:02.966168 - Building 50: Uploaded 1 photos: ['50_chemistry_lab_b_20260105_233302_345530.jpg']
2026-01-05T23:33:30.966335 - Building 56: Uploaded 1 photos: ['56_sports_field_20260105_233330_335742.jpg']
2026-01-05T23:33:58.664034 - Building 52: Uploaded 1 photos: ['52_central_store_20260105_233357_988140.jpg']
2026-01-05T23:34:22.939056 - Building 53: Uploaded 1 photos: ['53_student_center_20260105_233422_324683.jpg']
2026-01-05T23:34:38.569470 - Building 54: Uploaded 1 photos: ['54_entertainment_shed_20260105_233437_845090.jpg']
2026-01-05T23:34:57.061509 - Building 55: Uploaded 1 photos: ['55_long_tennis_court_20260105_233456_321430.jpg']
2026-01-05T23:35:25.989140 - Building 57: Uploaded 1 photos: ['57_tentatorium_hall_20260105_233525_318049.jpg']
2026-01-05T23:36:49.609799 - Building 60: Uploaded 1 photos: ['60_dam_2_20260105_233648_840689.jpg']
2026-01-05T23:37:30.740315 - Building 51: Uploaded 1 photos: ['51_junction_ch-calvidas_20260105_233730_060219.jpg']
2026-01-05T23:38:29.513373 - Building 59: Uploaded 1 photos: ['59_pt_dam_1_junction_20260105_233828_596931.jpg']
2026-01-05T23:39:00.575807 - Building 62: Uploaded 1 photos: ['62_athletics_field_20260105_233859_809406.jpg']
2026-01-05T23:39:32.832834 - Building 66: Uploaded 1 photos: ['66_tvet_center_20260105_233932_130875.jpg']
2026-01-05T23:40:36.526464 - Building 70: Uploaded 1 photos: ['70_memorial_garden_20260105_234035_766974.jpg']
2026-01-05T23:40:55.256915 - Building 71: Uploaded 1 photos: ['71_dam_3_20260105_234054_459101.jpg']
2026-01-05T23:41:14.421423 - Building 72: Uploaded 1 photos: ['72_automotive_workshop_20260105_234113_579954.jpg']
2026-01-05T23:41:33.066545 - Building 73: Uploaded 1 photos: ['73_gate_b_south_20260105_234132_283096.jpg']
2026-01-05T23:41:55.318807 - Building 74: Uploaded 1 photos: ['74_farm_20260105_234154_524062.jpg']
2026-01-05T23:42:49.660210 - Building 76: Uploaded 1 photos: ['76_lc_parking_20260105_234248_770236.jpg']
2026-01-05T23:43:21.135344 - Building 78: Uploaded 1 photos: ['78_eating_outlet_20260105_234320_263801.jpg']
2026-01-05T23:44:00.783786 - Building 79: Uploaded 1 photos: ['79_junction_tb_bridge_20260105_234359_779282.jpg']
2026-01-05T23:44:24.490396 - Building 80: Uploaded 1 photos: ['80_tuition_block_20260105_234423_506460.jpg']
2026-01-05T23:45:10.272454 - Building 82: Uploaded 1 photos: ['82_basketball_court_20260105_234509_322639.jpg']
2026-01-05T23:45:50.301699 - Building 86: Uploaded 1 photos: ['86_library_gazebo_20260105_234549_447243.jpg']
2026-01-05T23:55:08.941729 - Building 85: Uploaded 1 photos: ['85_prof_george_magoha_library_20260105_235508_047569.jpg']
2026-01-05T23:55:37.713081 - Building 87: Uploaded 1 photos: ['87_roundabout_20260105_235536_725954.jpg']
2026-01-05T23:56:02.825318 - Building 88: Uploaded 1 photos: ['88_new_administration_block_20260105_235601_929859.jpg']
2026-01-05T23:56:19.089666 - Building 90: Uploaded 1 photos: ['90_gate_a_20260105_235618_123265.jpg']
2026-01-05T23:58:57.636718 - Building 3: Uploaded 1 photos: ['3_baby_day_care_20260105_235856_814700.jpeg']
